<?xml version="1.0" encoding="UTF-8"?>
<!-- Generated by org.testng.reporters.JUnitReportReporter -->
<testsuite hostname="DESKTOP-TUA3DLS" failures="0" tests="1" name="com.hrms.testscripts.TC002_AddNewEmp" time="15.369" errors="0" timestamp="2022-12-21T17:27:36 IST" skipped="0">
  <testcase classname="com.hrms.testscripts.TC002_AddNewEmp" name="tc002" time="15.369"/>
  <system-out/>
</testsuite> <!-- com.hrms.testscripts.TC002_AddNewEmp -->
