<?xml version="1.0" encoding="UTF-8"?>
<!-- Generated by org.testng.reporters.JUnitReportReporter -->
<testsuite hostname="DESKTOP-TUA3DLS" failures="0" tests="1" name="com.hrms.testscripts.TC001" time="18.808" errors="0" timestamp="2022-12-21T17:27:36 IST" skipped="0">
  <testcase classname="com.hrms.testscripts.TC001" name="tc001" time="18.808"/>
  <system-out/>
</testsuite> <!-- com.hrms.testscripts.TC001 -->
